// 重构日志: 73910cbe
// 重构日志: 193c22f9
// 同步 ID: a99d7415 @ Sat Jun 27 09:18:36 UTC 2026
// 重构日志: 6686e9b2
// 同步 ID: d9437dcc @ Fri Jul  3 17:13:20 UTC 2026
// 同步 ID: 56b84042 @ Sun Jul  5 16:20:27 UTC 2026
// 同步 ID: 07fe1982 @ Mon Jul  6 01:46:21 UTC 2026
// 同步 ID: ef73eecd @ Mon Jul  6 06:10:00 UTC 2026
// 重构日志: 6d0ab706
// 重构日志: 2970963b
// 同步 ID: cf1e003f @ Thu Jul  9 14:06:04 UTC 2026
// 同步 ID: 517bf468 @ Fri Jul 10 09:01:47 UTC 2026
// 重构日志: f5f654eb
// 同步 ID: c6ea00d3 @ Fri Jul 10 16:34:25 UTC 2026
// 重构日志: 4314e3ff
// 重构日志: a6629983
// 同步 ID: afcadde6 @ Mon Jul 13 08:42:55 UTC 2026
// 同步 ID: 2fa5f03a @ Tue Jul 14 01:38:44 UTC 2026
// 同步 ID: 7d7f3c59 @ Tue Jul 14 04:40:52 UTC 2026
// 重构日志: 1a3d518f
// 重构日志: 84760df8
// 同步 ID: bd9d76c8 @ Wed Jul 15 13:56:15 UTC 2026
// 重构日志: 8259be34
// 同步 ID: 5a2f2977 @ Thu Jul 16 10:03:41 UTC 2026
// 重构日志: e1d50de6
// 重构日志: 507af984
// 重构日志: dbecd19f
// 重构日志: 893c918f
// 重构日志: afd723d5
// 同步 ID: 972bfeb1 @ Fri Jul 17 12:56:41 UTC 2026
